<testsuite errors="0" failures="0" name="Django Project Tests" skips="0" tests="10" time="0.042"><testcase classname="polls.tests.QuestionDetailViewTests" name="test_future_question" time="0.007264" /><testcase classname="polls.tests.QuestionDetailViewTests" name="test_past_question" time="0.006532" /><testcase classname="polls.tests.QuestionIndexViewTests" name="test_future_question" time="0.003762" /><testcase classname="polls.tests.QuestionIndexViewTests" name="test_future_question_and_test_past_question" time="0.002745" /><testcase classname="polls.tests.QuestionIndexViewTests" name="test_no_questions" time="0.001639" /><testcase classname="polls.tests.QuestionIndexViewTests" name="test_past_question" time="0.002086" /><testcase classname="polls.tests.QuestionIndexViewTests" name="test_two_past_questions" time="0.002340" /><testcase classname="polls.tests.QuestionModelTests" name="test_was_published_recently_with_future_question" time="0.000068" /><testcase classname="polls.tests.QuestionModelTests" name="test_was_published_recently_with_old_question" time="0.000038" /><testcase classname="polls.tests.QuestionModelTests" name="test_was_published_recently_with_recent_question" time="0.000036" /></testsuite>