<testsuite errors="0" failures="0" name="Django Project Tests" skips="0" tests="11" time="25.368"><testcase classname="polls.tests.QuestionDetailViewTests" name="test_future_question" time="0.128106" /><testcase classname="polls.tests.QuestionDetailViewTests" name="test_past_question" time="0.069802" /><testcase classname="polls.tests.QuestionIndexViewTests" name="test_future_question" time="0.024945" /><testcase classname="polls.tests.QuestionIndexViewTests" name="test_future_question_and_test_past_question" time="0.047614" /><testcase classname="polls.tests.QuestionIndexViewTests" name="test_no_questions" time="0.008410" /><testcase classname="polls.tests.QuestionIndexViewTests" name="test_past_question" time="0.010719" /><testcase classname="polls.tests.QuestionIndexViewTests" name="test_two_past_questions" time="0.011854" /><testcase classname="polls.tests.QuestionModelTests" name="test_was_published_recently_with_future_question" time="0.000151" /><testcase classname="polls.tests.QuestionModelTests" name="test_was_published_recently_with_old_question" time="0.000105" /><testcase classname="polls.tests.QuestionModelTests" name="test_was_published_recently_with_recent_question" time="0.000102" /><testcase classname="polls.tests.VoteTestCase" name="test_vote" time="23.086119" /></testsuite>